<?xml version="1.0" encoding="UTF-8"?>
<testsuite xmlns:xsi="http://www.w3.org/2001/XMLSchema-instance" xsi:noNamespaceSchemaLocation="https://maven.apache.org/surefire/maven-surefire-plugin/xsd/surefire-test-report-3.0.xsd" version="3.0" name="tests.AliExpressTest" time="73.59" tests="1" errors="0" skipped="0" failures="0">
  <properties>
[...]
</properties>
  <testcase name="testSearchProduct" classname="tests.AliExpressTest" time="57.277">
    <system-out><![CDATA[Cookie popup'ı kapatıldı
Bildirim popup'ı kapatılamadı: Expected condition failed: waiting for presence of element located by: By.cssSelector: div.Sk1_X._1-SOk, .close-btn (tried for 5 second(s) with 500 milliseconds interval)
Arama öncesi URL: https://www.aliexpress.us/?gatewayAdapt=glo2usa
Enter tuşuna basıldı
Yeni URL: https://www.aliexpress.us/w/wholesale-laptop.html?spm=a2g0o.home.search.0
Arama sonuçları yüklendi
Son URL: https://www.aliexpress.us/w/wholesale-laptop.html?spm=a2g0o.home.search.0
Mevcut URL: https://www.aliexpress.us/w/wholesale-laptop.html?spm=a2g0o.home.search.0
✓ Arama sonuçları başarıyla doğrulandı
]]></system-out>
    <system-err><![CDATA[Jan 27, 2025 9:13:38 AM org.openqa.selenium.devtools.CdpVersionFinder findNearestMatch
WARNING: Unable to find CDP implementation matching 132
Jan 27, 2025 9:13:38 AM org.openqa.selenium.chromium.ChromiumDriver lambda$new$5
WARNING: Unable to find version of CDP to use for 132.0.6834.83. You may need to include a dependency on a specific version of the CDP using something similar to `org.seleniumhq.selenium:selenium-devtools-v86:4.16.1` where the version ("v86") matches the version of the chromium-based browser you're using and the version number of the artifact is the same as Selenium's.
]]></system-err>
  </testcase>
</testsuite>