<?xml version="1.0" encoding="UTF-8"?>
<testng-results ignored="0" total="1" passed="1" failed="0" skipped="0">
  <reporter-output>
  </reporter-output>
  <suite started-at="2025-01-27T09:13:35 UTC" name="Surefire suite" finished-at="2025-01-27T09:14:47 UTC" duration-ms="72737">
    <groups>
    </groups>
    <test started-at="2025-01-27T09:13:35 UTC" name="Surefire test" finished-at="2025-01-27T09:14:47 UTC" duration-ms="72737">
      <class name="tests.AliExpressTest">
        <test-method is-config="true" signature="setUp()[pri:0, instance:tests.AliExpressTest@2216effc]" started-at="2025-01-27T09:13:35 UTC" name="setUp" finished-at="2025-01-27T09:13:50 UTC" duration-ms="15278" status="PASS">
          <reporter-output>
          </reporter-output>
        </test-method> <!-- setUp -->
        <test-method signature="testSearchProduct()[pri:1, instance:tests.AliExpressTest@2216effc]" started-at="2025-01-27T09:13:50 UTC" name="testSearchProduct" finished-at="2025-01-27T09:14:47 UTC" duration-ms="57205" status="PASS">
          <reporter-output>
          </reporter-output>
        </test-method> <!-- testSearchProduct -->
        <test-method is-config="true" signature="afterMethod(org.testng.ITestResult)[pri:0, instance:tests.AliExpressTest@2216effc]" started-at="2025-01-27T09:14:47 UTC" name="afterMethod" finished-at="2025-01-27T09:14:47 UTC" duration-ms="2" status="PASS">
          <params>
            <param index="0">
              <value>
                <![CDATA[[TestResult name=testSearchProduct status=SUCCESS method=AliExpressTest.testSearchProduct()[pri:1, instance:tests.AliExpressTest@2216effc] output={null}]]]>
              </value>
            </param>
          </params>
          <reporter-output>
          </reporter-output>
        </test-method> <!-- afterMethod -->
        <test-method is-config="true" signature="tearDown()[pri:0, instance:tests.AliExpressTest@2216effc]" started-at="2025-01-27T09:14:47 UTC" name="tearDown" finished-at="2025-01-27T09:14:47 UTC" duration-ms="132" status="PASS">
          <reporter-output>
          </reporter-output>
        </test-method> <!-- tearDown -->
      </class> <!-- tests.AliExpressTest -->
    </test> <!-- Surefire test -->
  </suite> <!-- Surefire suite -->
</testng-results>
