<?xml version="1.0" encoding="UTF-8"?>
<testsuite xmlns:xsi="http://www.w3.org/2001/XMLSchema-instance" xsi:noNamespaceSchemaLocation="https://maven.apache.org/surefire/maven-surefire-plugin/xsd/surefire-test-report-3.0.xsd" version="3.0" name="com.amazon.runners.TestRunner" time="8.999" tests="1" errors="0" skipped="0" failures="0">
  <properties>
[...]
</properties>
  <testcase name="Kullanici Amazon&apos;da urun arayabilmeli" classname="Amazon Arama Fonksiyonu" time="7.614">
    <system-out><![CDATA[
Scenario: Kullanici Amazon'da urun arayabilmeli # src/test/resources/features/amazon_search.feature:3
13:13:17.417 [main] INFO  com.amazon.steps.Hooks - Starting scenario: Kullanici Amazon'da urun arayabilmeli
13:13:19.551 [main] INFO  com.amazon.steps.Hooks - Driver initialized successfully
  Given Kullanici Amazon ana sayfasina gider    # com.amazon.steps.SearchSteps.kullaniciAmazonAnaSayfasinaGider()
  When Kullanici arama kutusuna "laptop" yazar  # com.amazon.steps.SearchSteps.kullaniciAramaKutusunaYazar(java.lang.String)
  And Kullanici arama butonuna tiklar           # com.amazon.steps.SearchSteps.kullaniciAramaButonunaTiklar()
  Then Kullanici arama sonuclarini görmeli      # com.amazon.steps.SearchSteps.kullaniciAramaSonuclariniGormeli()
  And Sonuclarda "laptop" kelimesi bulunmali    # com.amazon.steps.SearchSteps.sonuclardaKelimesiBulunmali(java.lang.String)
13:13:24.254 [main] INFO  com.amazon.steps.Hooks - Driver closed successfully
]]></system-out>
    <system-err><![CDATA[SLF4J: Failed to load class "org.slf4j.impl.StaticLoggerBinder".
SLF4J: Defaulting to no-operation (NOP) logger implementation
SLF4J: See http://www.slf4j.org/codes.html#StaticLoggerBinder for further details.
Oca 10, 2025 1:13:19 ÖS org.openqa.selenium.devtools.CdpVersionFinder findNearestMatch
WARNING: Unable to find CDP implementation matching 131
Oca 10, 2025 1:13:19 ÖS org.openqa.selenium.chromium.ChromiumDriver lambda$new$5
WARNING: Unable to find version of CDP to use for 131.0.6778.265. You may need to include a dependency on a specific version of the CDP using something similar to `org.seleniumhq.selenium:selenium-devtools-v86:4.16.1` where the version ("v86") matches the version of the chromium-based browser you're using and the version number of the artifact is the same as Selenium's.
]]></system-err>
  </testcase>
</testsuite>