<?xml version="1.0" encoding="UTF-8"?>
<testng-results ignored="0" total="1" passed="1" failed="0" skipped="0">
  <reporter-output>
  </reporter-output>
  <suite started-at="2025-01-26T08:15:32 CET" name="Surefire suite" finished-at="2025-01-26T08:15:49 CET" duration-ms="16192">
    <groups>
    </groups>
    <test started-at="2025-01-26T08:15:32 CET" name="Surefire test" finished-at="2025-01-26T08:15:49 CET" duration-ms="16192">
      <class name="tests.AliExpressTest">
        <test-method is-config="true" signature="setUp()[pri:0, instance:tests.AliExpressTest@4d847d32]" started-at="2025-01-26T08:15:32 CET" name="setUp" finished-at="2025-01-26T08:15:44 CET" duration-ms="11483" status="PASS">
          <reporter-output>
          </reporter-output>
        </test-method> <!-- setUp -->
        <test-method signature="testSearchProduct()[pri:0, instance:tests.AliExpressTest@4d847d32]" started-at="2025-01-26T08:15:44 CET" name="testSearchProduct" finished-at="2025-01-26T08:15:48 CET" duration-ms="4410" status="PASS">
          <reporter-output>
          </reporter-output>
        </test-method> <!-- testSearchProduct -->
        <test-method is-config="true" signature="tearDown()[pri:0, instance:tests.AliExpressTest@4d847d32]" started-at="2025-01-26T08:15:48 CET" name="tearDown" finished-at="2025-01-26T08:15:49 CET" duration-ms="168" status="PASS">
          <reporter-output>
          </reporter-output>
        </test-method> <!-- tearDown -->
      </class> <!-- tests.AliExpressTest -->
    </test> <!-- Surefire test -->
  </suite> <!-- Surefire suite -->
</testng-results>
