<?xml version="1.0" encoding="UTF-8"?>
<testsuite xmlns:xsi="http://www.w3.org/2001/XMLSchema-instance" xsi:noNamespaceSchemaLocation="https://maven.apache.org/surefire/maven-surefire-plugin/xsd/surefire-test-report-3.0.xsd" version="3.0" name="tests.AliExpressTest" time="17.126" tests="1" errors="0" skipped="0" failures="0">
  <properties>
[...]
</properties>
  <testcase name="testSearchProduct" classname="tests.AliExpressTest" time="4.478">
    <system-out><![CDATA[Ana sayfaya gidildi: https://www.aliexpress.com
Sayfa yüklenmesi bekleniyor...
Arama kutusu bekleniyor...
Arama kutusuna tıklanıyor...
Arama metni yazılıyor: laptop
Enter tuşuna basılıyor...
Arama tamamlandı. Yeni URL: https://fr.aliexpress.com/w/wholesale-laptop.html?spm=a2g0o.home.search.0
Ürün araması yapıldı: laptop
Mevcut URL: https://fr.aliexpress.com/w/wholesale-laptop.html?spm=a2g0o.home.search.0
]]></system-out>
    <system-err><![CDATA[SLF4J: Failed to load class "org.slf4j.impl.StaticLoggerBinder".
SLF4J: Defaulting to no-operation (NOP) logger implementation
SLF4J: See http://www.slf4j.org/codes.html#StaticLoggerBinder for further details.
Oca 26, 2025 8:15:34 ÖÖ org.openqa.selenium.devtools.CdpVersionFinder findNearestMatch
WARNING: Unable to find CDP implementation matching 131
Oca 26, 2025 8:15:34 ÖÖ org.openqa.selenium.chromium.ChromiumDriver lambda$new$5
WARNING: Unable to find version of CDP to use for 131.0.6778.267. You may need to include a dependency on a specific version of the CDP using something similar to `org.seleniumhq.selenium:selenium-devtools-v86:4.16.1` where the version ("v86") matches the version of the chromium-based browser you're using and the version number of the artifact is the same as Selenium's.
]]></system-err>
  </testcase>
</testsuite>